# JRE version: Java(TM) SE Runtime Environment (8.0_281-b09) (build 1.8.0_281-b09)
# Java VM: Java HotSpot(TM) 64-Bit Server VM (25.281-b09 mixed mode windows-amd64 compressed oops)
Heap:
 PSYoungGen      total 105472K, used 77260K [0x000000076b100000, 0x0000000772a00000, 0x00000007c0000000)
  eden space 89088K, 71% used [0x000000076b100000,0x000000076ef5c338,0x0000000770800000)
  from space 16384K, 81% used [0x0000000771800000,0x0000000772516e90,0x0000000772800000)
  to   space 16384K, 0% used [0x0000000770800000,0x0000000770800000,0x0000000771800000)
 ParOldGen       total 130048K, used 17811K [0x00000006c1200000, 0x00000006c9100000, 0x000000076b100000)
  object space 130048K, 13% used [0x00000006c1200000,0x00000006c2364c88,0x00000006c9100000)
 Metaspace       used 25858K, capacity 26506K, committed 26752K, reserved 1073152K
  class space    used 2873K, capacity 3076K, committed 3200K, reserved 1048576K
GC Heap History (10 events):
Event: 1.430 GC heap before
{Heap before GC invocations=3 (full 0):
 PSYoungGen      total 76288K, used 76288K [0x000000076b100000, 0x0000000770600000, 0x00000007c0000000)
  eden space 65536K, 100% used [0x000000076b100000,0x000000076f100000,0x000000076f100000)
  from space 10752K, 100% used [0x000000076fb80000,0x0000000770600000,0x0000000770600000)
  to   space 10752K, 0% used [0x000000076f100000,0x000000076f100000,0x000000076fb80000)
 ParOldGen       total 175104K, used 2584K [0x00000006c1200000, 0x00000006cbd00000, 0x000000076b100000)
  object space 175104K, 1% used [0x00000006c1200000,0x00000006c1486268,0x00000006cbd00000)
 Metaspace       used 17436K, capacity 17964K, committed 18176K, reserved 1064960K
  class space    used 2024K, capacity 2192K, committed 2304K, reserved 1048576K
Event: 1.434 GC heap after
Heap after GC invocations=3 (full 0):
 PSYoungGen      total 76288K, used 10736K [0x000000076b100000, 0x0000000770600000, 0x00000007c0000000)
  eden space 65536K, 0% used [0x000000076b100000,0x000000076b100000,0x000000076f100000)
  from space 10752K, 99% used [0x000000076f100000,0x000000076fb7c030,0x000000076fb80000)
  to   space 10752K, 0% used [0x000000076fb80000,0x000000076fb80000,0x0000000770600000)
 ParOldGen       total 175104K, used 7819K [0x00000006c1200000, 0x00000006cbd00000, 0x000000076b100000)
  object space 175104K, 4% used [0x00000006c1200000,0x00000006c19a2fc0,0x00000006cbd00000)
 Metaspace       used 17436K, capacity 17964K, committed 18176K, reserved 1064960K
  class space    used 2024K, capacity 2192K, committed 2304K, reserved 1048576K
}
Event: 1.617 GC heap before
{Heap before GC invocations=4 (full 0):
 PSYoungGen      total 76288K, used 40872K [0x000000076b100000, 0x0000000770600000, 0x00000007c0000000)
  eden space 65536K, 45% used [0x000000076b100000,0x000000076ce6e348,0x000000076f100000)
  from space 10752K, 99% used [0x000000076f100000,0x000000076fb7c030,0x000000076fb80000)
  to   space 10752K, 0% used [0x000000076fb80000,0x000000076fb80000,0x0000000770600000)
 ParOldGen       total 175104K, used 7819K [0x00000006c1200000, 0x00000006cbd00000, 0x000000076b100000)
  object space 175104K, 4% used [0x00000006c1200000,0x00000006c19a2fc0,0x00000006cbd00000)
 Metaspace       used 20539K, capacity 21100K, committed 21296K, reserved 1069056K
  class space    used 2435K, capacity 2624K, committed 2688K, reserved 1048576K
Event: 1.622 GC heap after
Heap after GC invocations=4 (full 0):
 PSYoungGen      total 76288K, used 10720K [0x000000076b100000, 0x0000000774600000, 0x00000007c0000000)
  eden space 65536K, 0% used [0x000000076b100000,0x000000076b100000,0x000000076f100000)
  from space 10752K, 99% used [0x000000076fb80000,0x00000007705f8060,0x0000000770600000)
  to   space 10752K, 0% used [0x000000076f100000,0x000000076f100000,0x000000076fb80000)
 ParOldGen       total 175104K, used 9942K [0x00000006c1200000, 0x00000006cbd00000, 0x000000076b100000)
  object space 175104K, 5% used [0x00000006c1200000,0x00000006c1bb5b78,0x00000006cbd00000)
 Metaspace       used 20539K, capacity 21100K, committed 21296K, reserved 1069056K
  class space    used 2435K, capacity 2624K, committed 2688K, reserved 1048576K
}
Event: 1.622 GC heap before
{Heap before GC invocations=5 (full 1):
 PSYoungGen      total 76288K, used 10720K [0x000000076b100000, 0x0000000774600000, 0x00000007c0000000)
  eden space 65536K, 0% used [0x000000076b100000,0x000000076b100000,0x000000076f100000)
  from space 10752K, 99% used [0x000000076fb80000,0x00000007705f8060,0x0000000770600000)
  to   space 10752K, 0% used [0x000000076f100000,0x000000076f100000,0x000000076fb80000)
 ParOldGen       total 175104K, used 9942K [0x00000006c1200000, 0x00000006cbd00000, 0x000000076b100000)
  object space 175104K, 5% used [0x00000006c1200000,0x00000006c1bb5b78,0x00000006cbd00000)
 Metaspace       used 20539K, capacity 21100K, committed 21296K, reserved 1069056K
  class space    used 2435K, capacity 2624K, committed 2688K, reserved 1048576K
Event: 1.658 GC heap after
Heap after GC invocations=5 (full 1):
 PSYoungGen      total 76288K, used 0K [0x000000076b100000, 0x0000000774600000, 0x00000007c0000000)
  eden space 65536K, 0% used [0x000000076b100000,0x000000076b100000,0x000000076f100000)
  from space 10752K, 0% used [0x000000076fb80000,0x000000076fb80000,0x0000000770600000)
  to   space 10752K, 0% used [0x000000076f100000,0x000000076f100000,0x000000076fb80000)
 ParOldGen       total 130048K, used 16736K [0x00000006c1200000, 0x00000006c9100000, 0x000000076b100000)
  object space 130048K, 12% used [0x00000006c1200000,0x00000006c2258190,0x00000006c9100000)
 Metaspace       used 20539K, capacity 21100K, committed 21296K, reserved 1069056K
  class space    used 2435K, capacity 2624K, committed 2688K, reserved 1048576K
}
Event: 1.885 GC heap before
{Heap before GC invocations=6 (full 1):
 PSYoungGen      total 76288K, used 65536K [0x000000076b100000, 0x0000000774600000, 0x00000007c0000000)
  eden space 65536K, 100% used [0x000000076b100000,0x000000076f100000,0x000000076f100000)
  from space 10752K, 0% used [0x000000076fb80000,0x000000076fb80000,0x0000000770600000)
  to   space 10752K, 0% used [0x000000076f100000,0x000000076f100000,0x000000076fb80000)
 ParOldGen       total 130048K, used 16736K [0x00000006c1200000, 0x00000006c9100000, 0x000000076b100000)
  object space 130048K, 12% used [0x00000006c1200000,0x00000006c2258190,0x00000006c9100000)
 Metaspace       used 22447K, capacity 22988K, committed 23216K, reserved 1069056K
  class space    used 2610K, capacity 2784K, committed 2816K, reserved 1048576K
Event: 1.888 GC heap after
Heap after GC invocations=6 (full 1):
 PSYoungGen      total 76288K, used 10720K [0x000000076b100000, 0x0000000772800000, 0x00000007c0000000)
  eden space 65536K, 0% used [0x000000076b100000,0x000000076b100000,0x000000076f100000)
  from space 10752K, 99% used [0x000000076f100000,0x000000076fb78130,0x000000076fb80000)
  to   space 16384K, 0% used [0x0000000771800000,0x0000000771800000,0x0000000772800000)
 ParOldGen       total 130048K, used 17803K [0x00000006c1200000, 0x00000006c9100000, 0x000000076b100000)
  object space 130048K, 13% used [0x00000006c1200000,0x00000006c2362c88,0x00000006c9100000)
 Metaspace       used 22447K, capacity 22988K, committed 23216K, reserved 1069056K
  class space    used 2610K, capacity 2784K, committed 2816K, reserved 1048576K
}
Event: 2.244 GC heap before
{Heap before GC invocations=7 (full 1):
 PSYoungGen      total 76288K, used 76223K [0x000000076b100000, 0x0000000772800000, 0x00000007c0000000)
  eden space 65536K, 99% used [0x000000076b100000,0x000000076f0f7b78,0x000000076f100000)
  from space 10752K, 99% used [0x000000076f100000,0x000000076fb78130,0x000000076fb80000)
  to   space 16384K, 0% used [0x0000000771800000,0x0000000771800000,0x0000000772800000)
 ParOldGen       total 130048K, used 17803K [0x00000006c1200000, 0x00000006c9100000, 0x000000076b100000)
  object space 130048K, 13% used [0x00000006c1200000,0x00000006c2362c88,0x00000006c9100000)
 Metaspace       used 24079K, capacity 24690K, committed 24960K, reserved 1071104K
  class space    used 2699K, capacity 2881K, committed 2944K, reserved 1048576K
Event: 2.251 GC heap after
Heap after GC invocations=7 (full 1):
 PSYoungGen      total 105472K, used 13403K [0x000000076b100000, 0x0000000772a00000, 0x00000007c0000000)
  eden space 89088K, 0% used [0x000000076b100000,0x000000076b100000,0x0000000770800000)
  from space 16384K, 81% used [0x0000000771800000,0x0000000772516e90,0x0000000772800000)
  to   space 16384K, 0% used [0x0000000770800000,0x0000000770800000,0x0000000771800000)
 ParOldGen       total 130048K, used 17811K [0x00000006c1200000, 0x00000006c9100000, 0x000000076b100000)
  object space 130048K, 13% used [0x00000006c1200000,0x00000006c2364c88,0x00000006c9100000)
 Metaspace       used 24079K, capacity 24690K, committed 24960K, reserved 1071104K
  class space    used 2699K, capacity 2881K, committed 2944K, reserved 1048576K
}

